0 info it worked if it ends with ok
1 verbose cli [ '/usr/local/bin/node',
1 verbose cli   '/usr/local/bin/npm',
1 verbose cli   'install',
1 verbose cli   'ngrok',
1 verbose cli   '-g' ]
2 info using npm@2.15.8
3 info using node@v4.4.7
4 verbose install initial load of /usr/local/lib/package.json
5 verbose readDependencies loading dependencies from /usr/local/lib/package.json
6 silly cache add args [ 'ngrok', null ]
7 verbose cache add spec ngrok
8 silly cache add parsed spec Result {
8 silly cache add   raw: 'ngrok',
8 silly cache add   scope: null,
8 silly cache add   name: 'ngrok',
8 silly cache add   rawSpec: '',
8 silly cache add   spec: 'latest',
8 silly cache add   type: 'tag' }
9 silly addNamed ngrok@latest
10 verbose addNamed "latest" is being treated as a dist-tag for ngrok
11 info addNameTag [ 'ngrok', 'latest' ]
12 silly mapToRegistry name ngrok
13 silly mapToRegistry using default registry
14 silly mapToRegistry registry https://registry.npmjs.org/
15 silly mapToRegistry data Result {
15 silly mapToRegistry   raw: 'ngrok',
15 silly mapToRegistry   scope: null,
15 silly mapToRegistry   name: 'ngrok',
15 silly mapToRegistry   rawSpec: '',
15 silly mapToRegistry   spec: 'latest',
15 silly mapToRegistry   type: 'tag' }
16 silly mapToRegistry uri https://registry.npmjs.org/ngrok
17 verbose addNameTag registry:https://registry.npmjs.org/ngrok not in flight; fetching
18 verbose request uri https://registry.npmjs.org/ngrok
19 verbose request no auth needed
20 info attempt registry request try #1 at 7:26:07 PM
21 verbose request id 69d127521200d53f
22 http request GET https://registry.npmjs.org/ngrok
23 http 200 https://registry.npmjs.org/ngrok
24 verbose headers { server: 'CouchDB/1.5.0 (Erlang OTP/R16B03)',
24 verbose headers   etag: '"E055Q8LPYEISQWX9VTD76CF0G"',
24 verbose headers   'content-type': 'application/json',
24 verbose headers   'content-encoding': 'gzip',
24 verbose headers   'cache-control': 'max-age=300',
24 verbose headers   'content-length': '7058',
24 verbose headers   'accept-ranges': 'bytes',
24 verbose headers   date: 'Mon, 05 Sep 2016 23:26:08 GMT',
24 verbose headers   via: '1.1 varnish',
24 verbose headers   age: '177',
24 verbose headers   connection: 'keep-alive',
24 verbose headers   'x-served-by': 'cache-iad2141-IAD',
24 verbose headers   'x-cache': 'HIT',
24 verbose headers   'x-cache-hits': '1',
24 verbose headers   'x-timer': 'S1473117968.280255,VS0,VE0',
24 verbose headers   vary: 'Accept-Encoding' }
25 silly get cb [ 200,
25 silly get   { server: 'CouchDB/1.5.0 (Erlang OTP/R16B03)',
25 silly get     etag: '"E055Q8LPYEISQWX9VTD76CF0G"',
25 silly get     'content-type': 'application/json',
25 silly get     'content-encoding': 'gzip',
25 silly get     'cache-control': 'max-age=300',
25 silly get     'content-length': '7058',
25 silly get     'accept-ranges': 'bytes',
25 silly get     date: 'Mon, 05 Sep 2016 23:26:08 GMT',
25 silly get     via: '1.1 varnish',
25 silly get     age: '177',
25 silly get     connection: 'keep-alive',
25 silly get     'x-served-by': 'cache-iad2141-IAD',
25 silly get     'x-cache': 'HIT',
25 silly get     'x-cache-hits': '1',
25 silly get     'x-timer': 'S1473117968.280255,VS0,VE0',
25 silly get     vary: 'Accept-Encoding' } ]
26 verbose get saving ngrok to /Users/chrisbrown/.npm/registry.npmjs.org/ngrok/.cache.json
27 verbose correctMkdir /Users/chrisbrown/.npm correctMkdir not in flight; initializing
28 silly addNameTag next cb for ngrok with tag latest
29 silly addNamed ngrok@2.2.2
30 verbose addNamed "2.2.2" is a plain semver version for ngrok
31 silly mapToRegistry name ngrok
32 silly mapToRegistry using default registry
33 silly mapToRegistry registry https://registry.npmjs.org/
34 silly mapToRegistry data Result {
34 silly mapToRegistry   raw: 'ngrok',
34 silly mapToRegistry   scope: null,
34 silly mapToRegistry   name: 'ngrok',
34 silly mapToRegistry   rawSpec: '',
34 silly mapToRegistry   spec: 'latest',
34 silly mapToRegistry   type: 'tag' }
35 silly mapToRegistry uri https://registry.npmjs.org/ngrok
36 verbose addRemoteTarball https://registry.npmjs.org/ngrok/-/ngrok-2.2.2.tgz not in flight; adding
37 verbose addRemoteTarball [ 'https://registry.npmjs.org/ngrok/-/ngrok-2.2.2.tgz',
37 verbose addRemoteTarball   '7461e9ddd3318137a801b985a58e7375c3848234' ]
38 info retry fetch attempt 1 at 7:26:07 PM
39 info attempt registry request try #1 at 7:26:07 PM
40 http fetch GET https://registry.npmjs.org/ngrok/-/ngrok-2.2.2.tgz
41 http fetch 200 https://registry.npmjs.org/ngrok/-/ngrok-2.2.2.tgz
42 silly fetchAndShaCheck shasum 7461e9ddd3318137a801b985a58e7375c3848234
43 verbose addTmpTarball /var/folders/6r/bw55nmvx67z3v_8k9q1tml_m0000gp/T/npm-671-0c308446/registry.npmjs.org/ngrok/-/ngrok-2.2.2.tgz not in flight; adding
44 verbose addTmpTarball already have metadata; skipping unpack for ngrok@2.2.2
45 verbose correctMkdir /Users/chrisbrown/.npm correctMkdir not in flight; initializing
46 silly cache afterAdd ngrok@2.2.2
47 verbose afterAdd /Users/chrisbrown/.npm/ngrok/2.2.2/package/package.json not in flight; writing
48 verbose correctMkdir /Users/chrisbrown/.npm correctMkdir not in flight; initializing
49 verbose afterAdd /Users/chrisbrown/.npm/ngrok/2.2.2/package/package.json written
50 silly install resolved [ { name: 'ngrok',
50 silly install resolved     version: '2.2.2',
50 silly install resolved     description: 'node wrapper for ngrok',
50 silly install resolved     main: 'index.js',
50 silly install resolved     scripts:
50 silly install resolved      { test: 'node ./node_modules/mocha/bin/_mocha',
50 silly install resolved        postinstall: 'node ./postinstall.js',
50 silly install resolved        postupdate: 'node ./postinstall.js' },
50 silly install resolved     files: [ 'index.js', 'postinstall.js', 'bin/ngrok' ],
50 silly install resolved     repository: { type: 'git', url: 'git://github.com/bubenshchykov/ngrok.git' },
50 silly install resolved     keywords: [ 'ngrok', 'localhost', 'tunneling', 'localtunnel', 'webhook' ],
50 silly install resolved     author: { name: 'bubenshchykov' },
50 silly install resolved     license: 'BSD-2-Clause',
50 silly install resolved     bugs: { url: 'https://github.com/bubenshchykov/ngrok/issues' },
50 silly install resolved     devDependencies: { chai: '~1.8.1', homedir: '^0.6.0', mocha: '~1.14.0' },
50 silly install resolved     dependencies:
50 silly install resolved      { async: '^0.9.0',
50 silly install resolved        'decompress-zip': '^0.3.0',
50 silly install resolved        lock: '^0.1.2',
50 silly install resolved        'node-uuid': '^1.4.3',
50 silly install resolved        request: '^2.55.0',
50 silly install resolved        'tar.gz': '^1.0.3',
50 silly install resolved        xtend: '^4.0.1' },
50 silly install resolved     bin: { ngrok: './bin/ngrok' },
50 silly install resolved     gitHead: 'df11d6324d99597dbdb05fd2b2455805f69ab329',
50 silly install resolved     homepage: 'https://github.com/bubenshchykov/ngrok#readme',
50 silly install resolved     _id: 'ngrok@2.2.2',
50 silly install resolved     _shasum: '7461e9ddd3318137a801b985a58e7375c3848234',
50 silly install resolved     _from: 'ngrok@latest',
50 silly install resolved     _npmVersion: '3.8.5',
50 silly install resolved     _nodeVersion: '5.8.0',
50 silly install resolved     _npmUser: { name: 'bubenshchykov', email: 'a.bubenshchykov@gmail.com' },
50 silly install resolved     dist:
50 silly install resolved      { shasum: '7461e9ddd3318137a801b985a58e7375c3848234',
50 silly install resolved        tarball: 'https://registry.npmjs.org/ngrok/-/ngrok-2.2.2.tgz' },
50 silly install resolved     maintainers: [ [Object] ],
50 silly install resolved     _npmOperationalInternal:
50 silly install resolved      { host: 'packages-16-east.internal.npmjs.com',
50 silly install resolved        tmp: 'tmp/ngrok-2.2.2.tgz_1468765825698_0.6424326153937727' },
50 silly install resolved     directories: {},
50 silly install resolved     _resolved: 'https://registry.npmjs.org/ngrok/-/ngrok-2.2.2.tgz' } ]
51 info install ngrok@2.2.2 into /usr/local/lib
52 info installOne ngrok@2.2.2
53 verbose installOne of ngrok to /usr/local/lib not in flight; installing
54 verbose correctMkdir /Users/chrisbrown/.npm/_locks correctMkdir not in flight; initializing
55 verbose lock using /Users/chrisbrown/.npm/_locks/ngrok-d1c70c9c77ebe6b2.lock for /usr/local/lib/node_modules/ngrok
56 silly install write writing ngrok 2.2.2 to /usr/local/lib/node_modules/ngrok
57 verbose unbuild lib/node_modules/ngrok
58 silly gentlyRm /usr/local/lib/node_modules/ngrok is being purged from base /usr/local
59 verbose gentlyRm don't care about contents; nuking /usr/local/lib/node_modules/ngrok
60 verbose tar unpack /Users/chrisbrown/.npm/ngrok/2.2.2/package.tgz
61 verbose tar unpacking to /usr/local/lib/node_modules/ngrok
62 silly gentlyRm /usr/local/lib/node_modules/ngrok is being purged
63 verbose gentlyRm don't care about contents; nuking /usr/local/lib/node_modules/ngrok
64 silly gunzTarPerm modes [ '755', '644' ]
65 error tar.unpack untar error /Users/chrisbrown/.npm/ngrok/2.2.2/package.tgz
66 verbose unlock done using /Users/chrisbrown/.npm/_locks/ngrok-d1c70c9c77ebe6b2.lock for /usr/local/lib/node_modules/ngrok
67 verbose fstream_path /usr/local/lib/node_modules/ngrok
68 verbose fstream_type Directory
69 verbose fstream_class DirWriter
70 verbose stack Error: EACCES: permission denied, mkdir '/usr/local/lib/node_modules/ngrok'
70 verbose stack     at Error (native)
71 verbose fstream_stack /usr/local/lib/node_modules/npm/node_modules/fstream/lib/dir-writer.js:35:25
71 verbose fstream_stack /usr/local/lib/node_modules/npm/node_modules/mkdirp/index.js:47:53
71 verbose fstream_stack FSReqWrap.oncomplete (fs.js:82:15)
72 verbose cwd /Users/chrisbrown/Desktop/FEND mobile-portfolio-master
73 error Darwin 14.5.0
74 error argv "/usr/local/bin/node" "/usr/local/bin/npm" "install" "ngrok" "-g"
75 error node v4.4.7
76 error npm  v2.15.8
77 error path /usr/local/lib/node_modules/ngrok
78 error code EACCES
79 error errno -13
80 error syscall mkdir
81 error Error: EACCES: permission denied, mkdir '/usr/local/lib/node_modules/ngrok'
81 error     at Error (native)
81 error  { [Error: EACCES: permission denied, mkdir '/usr/local/lib/node_modules/ngrok']
81 error   errno: -13,
81 error   code: 'EACCES',
81 error   syscall: 'mkdir',
81 error   path: '/usr/local/lib/node_modules/ngrok',
81 error   fstream_type: 'Directory',
81 error   fstream_path: '/usr/local/lib/node_modules/ngrok',
81 error   fstream_class: 'DirWriter',
81 error   fstream_stack:
81 error    [ '/usr/local/lib/node_modules/npm/node_modules/fstream/lib/dir-writer.js:35:25',
81 error      '/usr/local/lib/node_modules/npm/node_modules/mkdirp/index.js:47:53',
81 error      'FSReqWrap.oncomplete (fs.js:82:15)' ] }
82 error Please try running this command again as root/Administrator.
83 verbose exit [ -13, true ]
84 verbose unbuild lib/node_modules/ngrok
85 silly gentlyRm /usr/local/lib/node_modules/ngrok is being purged from base /usr/local
86 verbose gentlyRm don't care about contents; nuking /usr/local/lib/node_modules/ngrok
